18:49:10.377 [background-preinit] INFO  o.h.v.i.util.Version - [<clinit>,21] - HV000001: Hibernate Validator 6.2.5.Final
18:49:10.380 [main] INFO  c.a.a.AgileBooApiApplication - [logStarting,55] - Starting AgileBooApiApplication using Java 1.8.0_462 on yuanpenghuideMacBook-Pro.local with PID 47441 (/Users/yph/Desktop/workspace/DSCILab-Back-End/agileboot-api/target/classes started by yph in /Users/yph/Desktop/workspace/DSCILab-Back-End/agileboot-api)
18:49:10.381 [main] INFO  c.a.a.AgileBooApiApplication - [logStartupProfileInfo,637] - The following 2 profiles are active: "basic", "dev"
18:49:10.944 [main] INFO  o.s.d.r.c.RepositoryConfigurationDelegate - [multipleStoresDetected,262] - Multiple Spring Data modules found, entering strict repository configuration mode
18:49:10.945 [main] INFO  o.s.d.r.c.RepositoryConfigurationDelegate - [registerRepositoriesIn,132] - Bootstrapping Spring Data Redis repositories in DEFAULT mode.
18:49:10.958 [main] INFO  o.s.d.r.c.RepositoryConfigurationDelegate - [registerRepositoriesIn,201] - Finished Spring Data repository scanning in 4 ms. Found 0 Redis repository interfaces.
18:49:11.259 [main] INFO  o.s.c.s.PostProcessorRegistrationDelegate$BeanPostProcessorChecker - [postProcessAfterInitialization,376] - Bean 'spring.datasource.dynamic-com.baomidou.dynamic.datasource.spring.boot.autoconfigure.DynamicDataSourceProperties' of type [com.baomidou.dynamic.datasource.spring.boot.autoconfigure.DynamicDataSourceProperties] is not eligible for getting processed by all BeanPostProcessors (for example: not eligible for auto-proxying)
18:49:11.268 [main] INFO  o.s.c.s.PostProcessorRegistrationDelegate$BeanPostProcessorChecker - [postProcessAfterInitialization,376] - Bean 'com.baomidou.dynamic.datasource.spring.boot.autoconfigure.DynamicDataSourceAutoConfiguration' of type [com.baomidou.dynamic.datasource.spring.boot.autoconfigure.DynamicDataSourceAutoConfiguration$$EnhancerBySpringCGLIB$$e31b9259] is not eligible for getting processed by all BeanPostProcessors (for example: not eligible for auto-proxying)
18:49:11.281 [main] INFO  o.s.c.s.PostProcessorRegistrationDelegate$BeanPostProcessorChecker - [postProcessAfterInitialization,376] - Bean 'dsProcessor' of type [com.baomidou.dynamic.datasource.processor.DsHeaderProcessor] is not eligible for getting processed by all BeanPostProcessors (for example: not eligible for auto-proxying)
18:49:11.288 [main] INFO  o.s.c.s.PostProcessorRegistrationDelegate$BeanPostProcessorChecker - [postProcessAfterInitialization,376] - Bean 'myBatisConfig' of type [com.agileboot.infrastructure.config.MyBatisConfig$$EnhancerBySpringCGLIB$$5e680254] is not eligible for getting processed by all BeanPostProcessors (for example: not eligible for auto-proxying)
18:49:11.298 [main] INFO  o.s.c.s.PostProcessorRegistrationDelegate$BeanPostProcessorChecker - [postProcessAfterInitialization,376] - Bean 'com.baomidou.dynamic.datasource.spring.boot.autoconfigure.DynamicDataSourceCreatorAutoConfiguration' of type [com.baomidou.dynamic.datasource.spring.boot.autoconfigure.DynamicDataSourceCreatorAutoConfiguration$$EnhancerBySpringCGLIB$$8ef5263] is not eligible for getting processed by all BeanPostProcessors (for example: not eligible for auto-proxying)
18:49:11.301 [main] INFO  o.s.c.s.PostProcessorRegistrationDelegate$BeanPostProcessorChecker - [postProcessAfterInitialization,376] - Bean 'com.baomidou.dynamic.datasource.spring.boot.autoconfigure.DynamicDataSourceCreatorAutoConfiguration$HikariDataSourceCreatorConfiguration' of type [com.baomidou.dynamic.datasource.spring.boot.autoconfigure.DynamicDataSourceCreatorAutoConfiguration$HikariDataSourceCreatorConfiguration$$EnhancerBySpringCGLIB$$6633c4f8] is not eligible for getting processed by all BeanPostProcessors (for example: not eligible for auto-proxying)
18:49:11.307 [main] INFO  o.s.c.s.PostProcessorRegistrationDelegate$BeanPostProcessorChecker - [postProcessAfterInitialization,376] - Bean 'dataSourceInitEvent' of type [com.baomidou.dynamic.datasource.event.EncDataSourceInitEvent] is not eligible for getting processed by all BeanPostProcessors (for example: not eligible for auto-proxying)
18:49:11.310 [main] INFO  o.s.c.s.PostProcessorRegistrationDelegate$BeanPostProcessorChecker - [postProcessAfterInitialization,376] - Bean 'hikariDataSourceCreator' of type [com.baomidou.dynamic.datasource.creator.HikariDataSourceCreator] is not eligible for getting processed by all BeanPostProcessors (for example: not eligible for auto-proxying)
18:49:11.314 [main] INFO  o.s.c.s.PostProcessorRegistrationDelegate$BeanPostProcessorChecker - [postProcessAfterInitialization,376] - Bean 'com.baomidou.dynamic.datasource.spring.boot.autoconfigure.DynamicDataSourceCreatorAutoConfiguration$DruidDataSourceCreatorConfiguration' of type [com.baomidou.dynamic.datasource.spring.boot.autoconfigure.DynamicDataSourceCreatorAutoConfiguration$DruidDataSourceCreatorConfiguration$$EnhancerBySpringCGLIB$$a102c710] is not eligible for getting processed by all BeanPostProcessors (for example: not eligible for auto-proxying)
18:49:11.318 [main] INFO  o.s.c.s.PostProcessorRegistrationDelegate$BeanPostProcessorChecker - [postProcessAfterInitialization,376] - Bean 'druidDataSourceCreator' of type [com.baomidou.dynamic.datasource.creator.DruidDataSourceCreator] is not eligible for getting processed by all BeanPostProcessors (for example: not eligible for auto-proxying)
18:49:11.326 [main] INFO  o.s.c.s.PostProcessorRegistrationDelegate$BeanPostProcessorChecker - [postProcessAfterInitialization,376] - Bean 'basicDataSourceCreator' of type [com.baomidou.dynamic.datasource.creator.BasicDataSourceCreator] is not eligible for getting processed by all BeanPostProcessors (for example: not eligible for auto-proxying)
18:49:11.331 [main] INFO  o.s.c.s.PostProcessorRegistrationDelegate$BeanPostProcessorChecker - [postProcessAfterInitialization,376] - Bean 'jndiDataSourceCreator' of type [com.baomidou.dynamic.datasource.creator.JndiDataSourceCreator] is not eligible for getting processed by all BeanPostProcessors (for example: not eligible for auto-proxying)
18:49:11.334 [main] INFO  o.s.c.s.PostProcessorRegistrationDelegate$BeanPostProcessorChecker - [postProcessAfterInitialization,376] - Bean 'dataSourceCreator' of type [com.baomidou.dynamic.datasource.creator.DefaultDataSourceCreator] is not eligible for getting processed by all BeanPostProcessors (for example: not eligible for auto-proxying)
18:49:11.336 [main] INFO  o.s.c.s.PostProcessorRegistrationDelegate$BeanPostProcessorChecker - [postProcessAfterInitialization,376] - Bean 'ymlDynamicDataSourceProvider' of type [com.baomidou.dynamic.datasource.provider.YmlDynamicDataSourceProvider] is not eligible for getting processed by all BeanPostProcessors (for example: not eligible for auto-proxying)
18:49:11.341 [main] INFO  o.s.c.s.PostProcessorRegistrationDelegate$BeanPostProcessorChecker - [postProcessAfterInitialization,376] - Bean 'dataSource' of type [com.baomidou.dynamic.datasource.DynamicRoutingDataSource] is not eligible for getting processed by all BeanPostProcessors (for example: not eligible for auto-proxying)
18:49:11.371 [main] INFO  o.s.c.s.PostProcessorRegistrationDelegate$BeanPostProcessorChecker - [postProcessAfterInitialization,376] - Bean 'transactionManager' of type [org.springframework.jdbc.datasource.DataSourceTransactionManager] is not eligible for getting processed by all BeanPostProcessors (for example: not eligible for auto-proxying)
18:49:11.380 [main] INFO  o.s.c.s.PostProcessorRegistrationDelegate$BeanPostProcessorChecker - [postProcessAfterInitialization,376] - Bean 'globalTransactionConfig' of type [com.agileboot.infrastructure.config.GlobalTransactionConfig$$EnhancerBySpringCGLIB$$b2889c5c] is not eligible for getting processed by all BeanPostProcessors (for example: not eligible for auto-proxying)
18:49:11.403 [main] INFO  o.s.c.s.PostProcessorRegistrationDelegate$BeanPostProcessorChecker - [postProcessAfterInitialization,376] - Bean 'txAdvice' of type [org.springframework.transaction.interceptor.TransactionInterceptor] is not eligible for getting processed by all BeanPostProcessors (for example: not eligible for auto-proxying)
18:49:11.404 [main] INFO  o.s.c.s.PostProcessorRegistrationDelegate$BeanPostProcessorChecker - [postProcessAfterInitialization,376] - Bean 'txAdviceAdvisor' of type [org.springframework.aop.support.DefaultPointcutAdvisor] is not eligible for getting processed by all BeanPostProcessors (for example: not eligible for auto-proxying)
18:49:11.690 [main] INFO  io.undertow.servlet - [log,388] - Initializing Spring embedded WebApplicationContext
18:49:11.691 [main] INFO  o.s.b.w.s.c.ServletWebServerApplicationContext - [prepareWebApplicationContext,292] - Root WebApplicationContext: initialization completed in 1282 ms
18:49:12.562 [main] INFO  c.a.i.t.ShutdownHook - [shutdownAllThreadPool,26] - close thread pool
18:49:12.576 [main] INFO  c.b.d.d.DynamicRoutingDataSource - [destroy,211] - dynamic-datasource start closing ....
18:49:12.576 [main] INFO  c.b.d.d.DynamicRoutingDataSource - [destroy,215] - dynamic-datasource all closed success,bye
18:49:12.583 [main] INFO  o.s.b.a.l.ConditionEvaluationReportLoggingListener - [logMessage,136] - 

Error starting ApplicationContext. To display the conditions report re-run your application with 'debug' enabled.
18:51:59.533 [background-preinit] INFO  o.h.v.i.util.Version - [<clinit>,21] - HV000001: Hibernate Validator 6.2.5.Final
18:51:59.537 [main] INFO  c.a.a.AgileBooApiApplication - [logStarting,55] - Starting AgileBooApiApplication using Java 1.8.0_462 on yuanpenghuideMacBook-Pro.local with PID 47542 (/Users/yph/Desktop/workspace/DSCILab-Back-End/agileboot-api/target/classes started by yph in /Users/yph/Desktop/workspace/DSCILab-Back-End/agileboot-api)
18:51:59.538 [main] INFO  c.a.a.AgileBooApiApplication - [logStartupProfileInfo,637] - The following 2 profiles are active: "basic", "dev"
18:52:00.182 [main] INFO  o.s.d.r.c.RepositoryConfigurationDelegate - [multipleStoresDetected,262] - Multiple Spring Data modules found, entering strict repository configuration mode
18:52:00.183 [main] INFO  o.s.d.r.c.RepositoryConfigurationDelegate - [registerRepositoriesIn,132] - Bootstrapping Spring Data Redis repositories in DEFAULT mode.
18:52:00.201 [main] INFO  o.s.d.r.c.RepositoryConfigurationDelegate - [registerRepositoriesIn,201] - Finished Spring Data repository scanning in 7 ms. Found 0 Redis repository interfaces.
18:52:00.492 [main] INFO  o.s.c.s.PostProcessorRegistrationDelegate$BeanPostProcessorChecker - [postProcessAfterInitialization,376] - Bean 'spring.datasource.dynamic-com.baomidou.dynamic.datasource.spring.boot.autoconfigure.DynamicDataSourceProperties' of type [com.baomidou.dynamic.datasource.spring.boot.autoconfigure.DynamicDataSourceProperties] is not eligible for getting processed by all BeanPostProcessors (for example: not eligible for auto-proxying)
18:52:00.502 [main] INFO  o.s.c.s.PostProcessorRegistrationDelegate$BeanPostProcessorChecker - [postProcessAfterInitialization,376] - Bean 'com.baomidou.dynamic.datasource.spring.boot.autoconfigure.DynamicDataSourceAutoConfiguration' of type [com.baomidou.dynamic.datasource.spring.boot.autoconfigure.DynamicDataSourceAutoConfiguration$$EnhancerBySpringCGLIB$$e0d5a44a] is not eligible for getting processed by all BeanPostProcessors (for example: not eligible for auto-proxying)
18:52:00.524 [main] INFO  o.s.c.s.PostProcessorRegistrationDelegate$BeanPostProcessorChecker - [postProcessAfterInitialization,376] - Bean 'dsProcessor' of type [com.baomidou.dynamic.datasource.processor.DsHeaderProcessor] is not eligible for getting processed by all BeanPostProcessors (for example: not eligible for auto-proxying)
18:52:00.533 [main] INFO  o.s.c.s.PostProcessorRegistrationDelegate$BeanPostProcessorChecker - [postProcessAfterInitialization,376] - Bean 'myBatisConfig' of type [com.agileboot.infrastructure.config.MyBatisConfig$$EnhancerBySpringCGLIB$$5c221445] is not eligible for getting processed by all BeanPostProcessors (for example: not eligible for auto-proxying)
18:52:00.542 [main] INFO  o.s.c.s.PostProcessorRegistrationDelegate$BeanPostProcessorChecker - [postProcessAfterInitialization,376] - Bean 'com.baomidou.dynamic.datasource.spring.boot.autoconfigure.DynamicDataSourceCreatorAutoConfiguration' of type [com.baomidou.dynamic.datasource.spring.boot.autoconfigure.DynamicDataSourceCreatorAutoConfiguration$$EnhancerBySpringCGLIB$$6a96454] is not eligible for getting processed by all BeanPostProcessors (for example: not eligible for auto-proxying)
18:52:00.546 [main] INFO  o.s.c.s.PostProcessorRegistrationDelegate$BeanPostProcessorChecker - [postProcessAfterInitialization,376] - Bean 'com.baomidou.dynamic.datasource.spring.boot.autoconfigure.DynamicDataSourceCreatorAutoConfiguration$HikariDataSourceCreatorConfiguration' of type [com.baomidou.dynamic.datasource.spring.boot.autoconfigure.DynamicDataSourceCreatorAutoConfiguration$HikariDataSourceCreatorConfiguration$$EnhancerBySpringCGLIB$$63edd6e9] is not eligible for getting processed by all BeanPostProcessors (for example: not eligible for auto-proxying)
18:52:00.558 [main] INFO  o.s.c.s.PostProcessorRegistrationDelegate$BeanPostProcessorChecker - [postProcessAfterInitialization,376] - Bean 'dataSourceInitEvent' of type [com.baomidou.dynamic.datasource.event.EncDataSourceInitEvent] is not eligible for getting processed by all BeanPostProcessors (for example: not eligible for auto-proxying)
18:52:00.559 [main] INFO  o.s.c.s.PostProcessorRegistrationDelegate$BeanPostProcessorChecker - [postProcessAfterInitialization,376] - Bean 'hikariDataSourceCreator' of type [com.baomidou.dynamic.datasource.creator.HikariDataSourceCreator] is not eligible for getting processed by all BeanPostProcessors (for example: not eligible for auto-proxying)
18:52:00.562 [main] INFO  o.s.c.s.PostProcessorRegistrationDelegate$BeanPostProcessorChecker - [postProcessAfterInitialization,376] - Bean 'com.baomidou.dynamic.datasource.spring.boot.autoconfigure.DynamicDataSourceCreatorAutoConfiguration$DruidDataSourceCreatorConfiguration' of type [com.baomidou.dynamic.datasource.spring.boot.autoconfigure.DynamicDataSourceCreatorAutoConfiguration$DruidDataSourceCreatorConfiguration$$EnhancerBySpringCGLIB$$9ebcd901] is not eligible for getting processed by all BeanPostProcessors (for example: not eligible for auto-proxying)
18:52:00.571 [main] INFO  o.s.c.s.PostProcessorRegistrationDelegate$BeanPostProcessorChecker - [postProcessAfterInitialization,376] - Bean 'druidDataSourceCreator' of type [com.baomidou.dynamic.datasource.creator.DruidDataSourceCreator] is not eligible for getting processed by all BeanPostProcessors (for example: not eligible for auto-proxying)
18:52:00.579 [main] INFO  o.s.c.s.PostProcessorRegistrationDelegate$BeanPostProcessorChecker - [postProcessAfterInitialization,376] - Bean 'basicDataSourceCreator' of type [com.baomidou.dynamic.datasource.creator.BasicDataSourceCreator] is not eligible for getting processed by all BeanPostProcessors (for example: not eligible for auto-proxying)
18:52:00.587 [main] INFO  o.s.c.s.PostProcessorRegistrationDelegate$BeanPostProcessorChecker - [postProcessAfterInitialization,376] - Bean 'jndiDataSourceCreator' of type [com.baomidou.dynamic.datasource.creator.JndiDataSourceCreator] is not eligible for getting processed by all BeanPostProcessors (for example: not eligible for auto-proxying)
18:52:00.592 [main] INFO  o.s.c.s.PostProcessorRegistrationDelegate$BeanPostProcessorChecker - [postProcessAfterInitialization,376] - Bean 'dataSourceCreator' of type [com.baomidou.dynamic.datasource.creator.DefaultDataSourceCreator] is not eligible for getting processed by all BeanPostProcessors (for example: not eligible for auto-proxying)
18:52:00.594 [main] INFO  o.s.c.s.PostProcessorRegistrationDelegate$BeanPostProcessorChecker - [postProcessAfterInitialization,376] - Bean 'ymlDynamicDataSourceProvider' of type [com.baomidou.dynamic.datasource.provider.YmlDynamicDataSourceProvider] is not eligible for getting processed by all BeanPostProcessors (for example: not eligible for auto-proxying)
18:52:00.598 [main] INFO  o.s.c.s.PostProcessorRegistrationDelegate$BeanPostProcessorChecker - [postProcessAfterInitialization,376] - Bean 'dataSource' of type [com.baomidou.dynamic.datasource.DynamicRoutingDataSource] is not eligible for getting processed by all BeanPostProcessors (for example: not eligible for auto-proxying)
18:52:00.625 [main] INFO  o.s.c.s.PostProcessorRegistrationDelegate$BeanPostProcessorChecker - [postProcessAfterInitialization,376] - Bean 'transactionManager' of type [org.springframework.jdbc.datasource.DataSourceTransactionManager] is not eligible for getting processed by all BeanPostProcessors (for example: not eligible for auto-proxying)
18:52:00.641 [main] INFO  o.s.c.s.PostProcessorRegistrationDelegate$BeanPostProcessorChecker - [postProcessAfterInitialization,376] - Bean 'globalTransactionConfig' of type [com.agileboot.infrastructure.config.GlobalTransactionConfig$$EnhancerBySpringCGLIB$$b042ae4d] is not eligible for getting processed by all BeanPostProcessors (for example: not eligible for auto-proxying)
18:52:00.657 [main] INFO  o.s.c.s.PostProcessorRegistrationDelegate$BeanPostProcessorChecker - [postProcessAfterInitialization,376] - Bean 'txAdvice' of type [org.springframework.transaction.interceptor.TransactionInterceptor] is not eligible for getting processed by all BeanPostProcessors (for example: not eligible for auto-proxying)
18:52:00.658 [main] INFO  o.s.c.s.PostProcessorRegistrationDelegate$BeanPostProcessorChecker - [postProcessAfterInitialization,376] - Bean 'txAdviceAdvisor' of type [org.springframework.aop.support.DefaultPointcutAdvisor] is not eligible for getting processed by all BeanPostProcessors (for example: not eligible for auto-proxying)
18:52:01.025 [main] INFO  io.undertow.servlet - [log,388] - Initializing Spring embedded WebApplicationContext
18:52:01.025 [main] INFO  o.s.b.w.s.c.ServletWebServerApplicationContext - [prepareWebApplicationContext,292] - Root WebApplicationContext: initialization completed in 1459 ms
18:52:02.583 [main] INFO  o.s.s.w.DefaultSecurityFilterChain - [<init>,55] - Will secure any request with [org.springframework.security.web.session.DisableEncodeUrlFilter@26bb92e2, org.springframework.security.web.context.request.async.WebAsyncManagerIntegrationFilter@18907af2, org.springframework.security.web.context.SecurityContextPersistenceFilter@19bfbe28, org.springframework.security.web.header.HeaderWriterFilter@44aa91e2, org.springframework.security.web.authentication.logout.LogoutFilter@1fc0d9b4, org.springframework.web.filter.CorsFilter@543d5863, com.agileboot.api.customize.config.JwtAuthenticationFilter@41bfa9e9, org.springframework.security.web.savedrequest.RequestCacheAwareFilter@49ced9c7, org.springframework.security.web.servletapi.SecurityContextHolderAwareRequestFilter@75ed125a, org.springframework.security.web.authentication.AnonymousAuthenticationFilter@658e7ead, org.springframework.security.web.session.SessionManagementFilter@650a1aff, org.springframework.security.web.access.ExceptionTranslationFilter@6a6da47a, org.springframework.security.web.access.intercept.FilterSecurityInterceptor@72a7aa4f]
18:52:03.672 [main] INFO  io.undertow - [start,120] - starting server: Undertow - 2.2.23.Final
18:52:03.677 [main] INFO  org.xnio - [<clinit>,95] - XNIO version 3.8.7.Final
18:52:03.682 [main] INFO  org.xnio.nio - [<clinit>,58] - XNIO NIO Implementation Version 3.8.7.Final
18:52:03.733 [main] INFO  org.jboss.threads - [<clinit>,52] - JBoss Threads version 3.1.0.Final
18:52:03.768 [main] INFO  o.s.b.w.e.u.UndertowWebServer - [start,119] - Undertow started on port(s) 8090 (http)
18:52:03.779 [main] INFO  c.a.a.AgileBooApiApplication - [logStarted,61] - Started AgileBooApiApplication in 4.556 seconds (JVM running for 4.765)
18:53:01.867 [XNIO-1 task-1] INFO  io.undertow.servlet - [log,388] - Initializing Spring DispatcherServlet 'dispatcherServlet'
18:53:01.867 [XNIO-1 task-1] INFO  o.s.w.s.DispatcherServlet - [initServletBean,525] - Initializing Servlet 'dispatcherServlet'
18:53:01.869 [XNIO-1 task-1] INFO  o.s.w.s.DispatcherServlet - [initServletBean,547] - Completed initialization in 2 ms
18:54:01.247 [SpringApplicationShutdownHook] INFO  io.undertow - [stop,259] - stopping server: Undertow - 2.2.23.Final
18:54:01.259 [SpringApplicationShutdownHook] INFO  io.undertow.servlet - [log,388] - Destroying Spring FrameworkServlet 'dispatcherServlet'
18:54:01.266 [SpringApplicationShutdownHook] INFO  c.a.i.t.ShutdownHook - [shutdownAllThreadPool,26] - close thread pool
18:54:01.300 [SpringApplicationShutdownHook] INFO  c.b.d.d.DynamicRoutingDataSource - [destroy,211] - dynamic-datasource start closing ....
18:54:01.301 [SpringApplicationShutdownHook] INFO  c.b.d.d.DynamicRoutingDataSource - [destroy,215] - dynamic-datasource all closed success,bye
19:05:08.093 [background-preinit] INFO  o.h.v.i.util.Version - [<clinit>,21] - HV000001: Hibernate Validator 6.2.5.Final
19:05:08.100 [main] INFO  c.a.a.AgileBooApiApplication - [logStarting,55] - Starting AgileBooApiApplication using Java 1.8.0_462 on yuanpenghuideMacBook-Pro.local with PID 47852 (/Users/yph/Desktop/workspace/DSCILab-Back-End/agileboot-api/target/classes started by yph in /Users/yph/Desktop/workspace/DSCILab-Back-End/agileboot-api)
19:05:08.101 [main] INFO  c.a.a.AgileBooApiApplication - [logStartupProfileInfo,637] - The following 2 profiles are active: "basic", "dev"
19:05:09.567 [main] INFO  c.a.d.p.DruidDataSource - [init,998] - {dataSource-1,master} inited
19:05:09.568 [main] INFO  c.b.d.d.DynamicRoutingDataSource - [addDataSource,154] - dynamic-datasource - add a datasource named [master] success
19:05:09.569 [main] INFO  c.b.d.d.DynamicRoutingDataSource - [afterPropertiesSet,234] - dynamic-datasource initial loaded [1] datasource,primary datasource named [master]
19:05:09.853 [main] INFO  io.undertow.servlet - [log,388] - Initializing Spring embedded WebApplicationContext
19:05:13.204 [main] INFO  io.undertow - [start,120] - starting server: Undertow - 2.2.23.Final
19:05:13.208 [main] INFO  org.xnio - [<clinit>,95] - XNIO version 3.8.7.Final
19:05:13.212 [main] INFO  org.xnio.nio - [<clinit>,58] - XNIO NIO Implementation Version 3.8.7.Final
19:05:13.237 [main] INFO  org.jboss.threads - [<clinit>,52] - JBoss Threads version 3.1.0.Final
19:05:13.281 [main] INFO  c.a.a.AgileBooApiApplication - [logStarted,61] - Started AgileBooApiApplication in 5.503 seconds (JVM running for 5.739)
19:06:54.764 [SpringApplicationShutdownHook] INFO  io.undertow - [stop,259] - stopping server: Undertow - 2.2.23.Final
19:06:54.775 [SpringApplicationShutdownHook] INFO  c.a.i.t.ShutdownHook - [shutdownAllThreadPool,26] - close thread pool
19:06:54.798 [SpringApplicationShutdownHook] INFO  c.b.d.d.DynamicRoutingDataSource - [destroy,211] - dynamic-datasource start closing ....
19:06:54.800 [SpringApplicationShutdownHook] INFO  c.a.d.p.DruidDataSource - [close,2071] - {dataSource-1} closing ...
19:06:54.806 [SpringApplicationShutdownHook] INFO  c.a.d.p.DruidDataSource - [close,2144] - {dataSource-1} closed
19:06:54.807 [SpringApplicationShutdownHook] INFO  c.b.d.d.DynamicRoutingDataSource - [destroy,215] - dynamic-datasource all closed success,bye
